<?xml version="1.0" encoding="UTF-8"?>
<!-- Generated by org.testng.reporters.JUnitXMLReporter -->
<testsuite hostname="USD1400983" name="Sample Test Class Windows 8 Firefox 45.0.2" tests="1" failures="0" timestamp="12 Apr 2016 16:49:06 GMT" time="5.388" errors="0">
  <testcase name="testMethod on [SampleTestClass passed=0 failed=0 skipped=0]" time="0.001" classname="uitests.smoke.SampleTestClass">
    <skipped/>
  </testcase> <!-- testMethod on [SampleTestClass passed=0 failed=0 skipped=0] -->
</testsuite> <!-- Sample Test Class Windows 8 Firefox 45.0.2 -->
