<?xml version="1.0" encoding="UTF-8"?>
<testng-results skipped="0" failed="0" total="1" passed="1">
  <reporter-output>
  </reporter-output>
  <suite name="Smoke Test Suite" duration-ms="18389" started-at="2016-04-14T20:28:29Z" finished-at="2016-04-14T20:28:47Z">
    <groups>
      <group name="Smoke">
        <method signature="SampleTestClass.testMethod(java.lang.String)[pri:0, instance:[SampleTestClass passed=0 failed=0 skipped=0]]" name="testMethod" class="uitests.smoke.SampleTestClass"/>
      </group> <!-- Smoke -->
      <group name="SampleModule">
        <method signature="SampleTestClass.testMethod(java.lang.String)[pri:0, instance:[SampleTestClass passed=0 failed=0 skipped=0]]" name="testMethod" class="uitests.smoke.SampleTestClass"/>
      </group> <!-- SampleModule -->
    </groups>
    <test name="Sample Test Class Windows 8 Firefox 45.0.2" duration-ms="18389" started-at="2016-04-14T20:28:29Z" finished-at="2016-04-14T20:28:47Z">
      <class name="uitests.smoke.SampleTestClass">
        <test-method status="PASS" signature="setUp(java.lang.String, java.lang.String, java.lang.String, java.lang.String)[pri:0, instance:[SampleTestClass passed=0 failed=0 skipped=0]]" name="setUp" is-config="true" duration-ms="7217" started-at="2016-04-14T16:28:29Z" finished-at="2016-04-14T16:28:36Z">
          <params>
            <param index="0">
              <value>
                <![CDATA[windows]]>
              </value>
            </param>
            <param index="1">
              <value>
                <![CDATA[8]]>
              </value>
            </param>
            <param index="2">
              <value>
                <![CDATA[firefox]]>
              </value>
            </param>
            <param index="3">
              <value>
                <![CDATA[45.0.2]]>
              </value>
            </param>
          </params>
          <reporter-output>
          </reporter-output>
        </test-method> <!-- setUp -->
        <test-method status="PASS" signature="testMethod(java.lang.String)[pri:0, instance:[SampleTestClass passed=0 failed=0 skipped=0]]" name="testMethod" duration-ms="10490" started-at="2016-04-14T16:28:36Z" finished-at="2016-04-14T16:28:47Z">
          <params>
            <param index="0">
              <value>
                <![CDATA[Hello there]]>
              </value>
            </param>
          </params>
          <reporter-output>
          </reporter-output>
        </test-method> <!-- testMethod -->
        <test-method status="PASS" signature="tearDown()[pri:0, instance:[SampleTestClass passed=0 failed=0 skipped=0]]" name="tearDown" is-config="true" duration-ms="661" started-at="2016-04-14T16:28:47Z" finished-at="2016-04-14T16:28:47Z">
          <reporter-output>
          </reporter-output>
        </test-method> <!-- tearDown -->
      </class> <!-- uitests.smoke.SampleTestClass -->
    </test> <!-- Sample Test Class Windows 8 Firefox 45.0.2 -->
  </suite> <!-- Smoke Test Suite -->
</testng-results>
